#
# A fatal error has been detected by the Java Runtime Environment:
#
#  EXCEPTION_ACCESS_VIOLATION (0xc0000005) at pc=0x00007ff8ae42c0e0, pid=12836, tid=13964
#
# JRE version: OpenJDK Runtime Environment Temurin-21.0.7+6 (21.0.7+6) (build 21.0.7+6-LTS)
# Java VM: OpenJDK 64-Bit Server VM Temurin-21.0.7+6 (21.0.7+6-LTS, mixed mode, sharing, tiered, compressed oops, compressed class ptrs, parallel gc, windows-amd64)
# Problematic frame:
# V  [jvm.dll+0x9fc0e0]
#
# No core dump will be written. Minidumps are not enabled by default on client versions of Windows
#
# If you would like to submit a bug report, please visit:
#   https://github.com/adoptium/adoptium-support/issues
#

---------------  S U M M A R Y ------------

Command Line: --add-modules=ALL-SYSTEM --add-opens=java.base/java.util=ALL-UNNAMED --add-opens=java.base/java.lang=ALL-UNNAMED --add-opens=java.base/sun.nio.fs=ALL-UNNAMED -Declipse.application=org.eclipse.jdt.ls.core.id1 -Dosgi.bundles.defaultStartLevel=4 -Declipse.product=org.eclipse.jdt.ls.core.product -Djava.import.generatesMetadataFilesAtProjectRoot=false -DDetectVMInstallationsJob.disabled=true -Dfile.encoding=utf8 -XX:+UseParallelGC -XX:GCTimeRatio=4 -XX:AdaptiveSizePolicyWeight=90 -Dsun.zip.disableMemoryMapping=true -Xmx1G -Xms100m -Xlog:disable -javaagent:c:\Users\Emilly\.vscode\extensions\redhat.java-1.42.0-win32-x64\lombok\lombok-1.18.36.jar -XX:+HeapDumpOnOutOfMemoryError -XX:HeapDumpPath=c:\Users\Emilly\AppData\Roaming\Code\User\workspaceStorage\5def9fd07eb400705f5d330cf28d82d7\redhat.java -Daether.dependencyCollector.impl=bf c:\Users\Emilly\.vscode\extensions\redhat.java-1.42.0-win32-x64\server\plugins\org.eclipse.equinox.launcher_1.7.0.v20250424-1814.jar -configuration c:\Users\Emilly\AppData\Roaming\Code\User\globalStorage\redhat.java\1.42.0\config_win -data c:\Users\Emilly\AppData\Roaming\Code\User\workspaceStorage\5def9fd07eb400705f5d330cf28d82d7\redhat.java\jdt_ws --pipe=\\.\pipe\lsp-6d96071f95e126d79425c16a3247510c-sock

Host: Intel(R) Core(TM) i7-8565U CPU @ 1.80GHz, 8 cores, 7G,  Windows 10 , 64 bit Build 19041 (10.0.19041.5794)
Time: Wed Jun 11 08:42:22 2025 Hora oficial do Brasil elapsed time: 37.146366 seconds (0d 0h 0m 37s)

---------------  T H R E A D  ---------------

Current thread (0x000001ac4b5b97c0):  JavaThread "C2 CompilerThread1" daemon [_thread_in_native, id=13964, stack(0x000000196a200000,0x000000196a300000) (1024K)]


Current CompileTask:
C2:37146 10358 %     4       java.util.Properties::load0 @ 29 (249 bytes)

Stack: [0x000000196a200000,0x000000196a300000],  sp=0x000000196a2fbbf8,  free space=1006k
Native frames: (J=compiled Java code, j=interpreted, Vv=VM code, C=native code)
V  [jvm.dll+0x9fc0e0]


siginfo: EXCEPTION_ACCESS_VIOLATION (0xc0000005), data execution prevention violation at address 0x00007ff8ae42c0e0


Registers:
RAX=0x000001ac4a57a238, RBX=0x000001ac4ac37720, RCX=0x000001ac49d7cd38, RDX=0x000001ac4b66fce0
RSP=0x000000196a2fbbf8, RBP=0x000001ac4b66fce0, RSI=0x000000196a2fc390, RDI=0x000001ac49d7cd38
R8 =0x0000000000000001, R9 =0x000001ac4a285bb8, R10=0x000000000000031c, R11=0x00007ff90de21a41
R12=0x000001ac4b66f010, R13=0x000001ac4a7e1d60, R14=0x000001ac49d7cd38, R15=0x00000000001786e0
RIP=0x00007ff8ae42c0e0, EFLAGS=0x0000000000010246

XMM[0]=0x0000000000000000 0x0000000000000000
XMM[1]=0x000001ac4bb4c748 0x000001ac4bb4c3e0
XMM[2]=0x000001ac4745cea0 0x000001ac4745f2f0
XMM[3]=0x0000000000000000 0x0000000000000000
XMM[4]=0x0000000000000000 0x0000000000000000
XMM[5]=0x000001ac4bb4c8b0 0x000001ac4bb4c378
XMM[6]=0x0000000000000000 0x0000000000000000
XMM[7]=0x0000000000000000 0x0000000000000000
XMM[8]=0x0000000000000000 0x0000000000000000
XMM[9]=0x0000000000000000 0x0000000000000000
XMM[10]=0x0000000000000000 0x0000000000000000
XMM[11]=0x0000000000000000 0x0000000000000000
XMM[12]=0x0000000000000000 0x0000000000000000
XMM[13]=0x0000000000000000 0x0000000000000000
XMM[14]=0x0000000000000000 0x0000000000000000
XMM[15]=0x0000000000000000 0x0000000000000000
  MXCSR=0x00001fa0


Register to memory mapping:

RAX=0x000001ac4a57a238 points into unknown readable memory: 0x00007ff8ae42c0e0 | e0 c0 42 ae f8 7f 00 00
RBX=0x000001ac4ac37720 points into unknown readable memory: 0x0000000000000000 | 00 00 00 00 00 00 00 00
RCX=0x000001ac49d7cd38 points into unknown readable memory: 0x000001ac4a57a238 | 38 a2 57 4a ac 01 00 00
RDX=0x000001ac4b66fce0 points into unknown readable memory: 0x000001ac49d7cd38 | 38 cd d7 49 ac 01 00 00
RSP=0x000000196a2fbbf8 is pointing into the stack for thread: 0x000001ac4b5b97c0
RBP=0x000001ac4b66fce0 points into unknown readable memory: 0x000001ac49d7cd38 | 38 cd d7 49 ac 01 00 00
RSI=0x000000196a2fc390 is pointing into the stack for thread: 0x000001ac4b5b97c0
RDI=0x000001ac49d7cd38 points into unknown readable memory: 0x000001ac4a57a238 | 38 a2 57 4a ac 01 00 00
R8 =0x0000000000000001 is an unknown value
R9 =0x000001ac4a285bb8 points into unknown readable memory: 0x0000000000000000 | 00 00 00 00 00 00 00 00
R10=0x000000000000031c is an unknown value
R11=0x00007ff90de21a41 VCRUNTIME140.dll
R12=0x000001ac4b66f010 points into unknown readable memory: 0x0000000000000000 | 00 00 00 00 00 00 00 00
R13=0x000001ac4a7e1d60 points into unknown readable memory: 0x005c003f003f0007 | 07 00 3f 00 3f 00 5c 00
R14=0x000001ac49d7cd38 points into unknown readable memory: 0x000001ac4a57a238 | 38 a2 57 4a ac 01 00 00
R15=0x00000000001786e0 is an unknown value

Top of Stack: (sp=0x000000196a2fbbf8)
0x000000196a2fbbf8:   00007ff8ae12615e 000000196a2fbcf0
0x000000196a2fbc08:   000000196a2fbfb0 000001ac49f8bb18
0x000000196a2fbc18:   00007ff8ae027d4a 000001ac4b66fce0
0x000000196a2fbc28:   000001ac4b66fee0 000001ac4b66fce0
0x000000196a2fbc38:   000001ac4a7e1d60 000001ac6c0a47c0
0x000000196a2fbc48:   0000000000000000 000001ac4ac37700
0x000000196a2fbc58:   0000000000000000 000000196a2fbfb0
0x000000196a2fbc68:   000001ac4a57a238 000000196a2fbd80
0x000000196a2fbc78:   00007ff8ae026f19 0000000000000001
0x000000196a2fbc88:   000001ac4b66fce0 000001ac4b676ff8
0x000000196a2fbc98:   00000000001786e0 000001ac020068e8
0x000000196a2fbca8:   00007ff8addf8b62 000001ac4a7e1d60
0x000000196a2fbcb8:   00007ff800002000 000001ac4b14d070
0x000000196a2fbcc8:   000001ac00000000 0000cddc00000200
0x000000196a2fbcd8:   000001ac53e27ff0 000001ac00000200
0x000000196a2fbce8:   000001ac4a7e1d60 000001ac484aff90
0x000000196a2fbcf8:   000001ac484be890 000001ac484affa0
0x000000196a2fbd08:   000001ac4a7e1d60 000001ac4a7e1d60
0x000000196a2fbd18:   0000001900000004 000001ac4b9c3970
0x000000196a2fbd28:   00007ff800000000 000000196a2fbf10
0x000000196a2fbd38:   000000196a2fbf10 000001ac4b5b97c0
0x000000196a2fbd48:   000000196a2fbf10 000001ac4b5b97c0
0x000000196a2fbd58:   000001ac47b0a7f0 000001ac024697d8
0x000000196a2fbd68:   000001ac024697d8 000001ac4b5b97c0
0x000000196a2fbd78:   0000000000000000 0000000000010020
0x000000196a2fbd88:   0000000000000000 0000000000000001
0x000000196a2fbd98:   000001ac69d70000 0000000000001002
0x000000196a2fbda8:   00007ff952a7b44d 000001ac69d70000
0x000000196a2fbdb8:   000001ac496e23c0 0000000000010010
0x000000196a2fbdc8:   0000000000010020 0000000000000002
0x000000196a2fbdd8:   000000196a2fbde4 00000003800501bd
0x000000196a2fbde8:   00007ff8ae2942eb 000001ac48ad49c0 

Instructions: (pc=0x00007ff8ae42c0e0)
0x00007ff8ae42bfe0:   80 bf bf ad f8 7f 00 00 a0 b4 bf ad f8 7f 00 00
0x00007ff8ae42bff0:   d0 f3 a3 ad f8 7f 00 00 e0 bc bf ad f8 7f 00 00
0x00007ff8ae42c000:   6d 6f 6e 6f 6d 6f 72 70 68 69 63 20 76 63 61 6c
0x00007ff8ae42c010:   6c 20 63 68 65 63 6b 63 61 73 74 00 bd 37 86 35
0x00007ff8ae42c020:   ef ff 7f 3f 00 00 00 00 52 65 67 75 6c 61 72 00
0x00007ff8ae42c030:   43 6f 6e 74 72 6f 6c 00 49 5f 4f 00 4d 65 6d 6f
0x00007ff8ae42c040:   72 79 00 00 00 00 00 00 46 72 61 6d 65 50 74 72
0x00007ff8ae42c050:   00 00 00 00 00 00 00 00 52 65 74 75 72 6e 41 64
0x00007ff8ae42c060:   72 00 00 00 50 61 72 6d 73 00 00 00 00 00 00 00
0x00007ff8ae42c070:   4e 6f 6e 45 73 63 4f 62 6a 00 00 00 00 00 00 00
0x00007ff8ae42c080:   43 6f 61 72 73 65 6e 65 64 00 00 00 4e 65 73 74
0x00007ff8ae42c090:   65 64 00 00 00 00 00 00 30 c0 42 ae f8 7f 00 00
0x00007ff8ae42c0a0:   38 c0 42 ae f8 7f 00 00 3c c0 42 ae f8 7f 00 00
0x00007ff8ae42c0b0:   48 c0 42 ae f8 7f 00 00 58 c0 42 ae f8 7f 00 00
0x00007ff8ae42c0c0:   64 c0 42 ae f8 7f 00 00 ff ff ff ff ff ff ff ff
0x00007ff8ae42c0d0:   ff ff ff ff ff ff ff ff 68 52 55 ae f8 7f 00 00
0x00007ff8ae42c0e0:   60 49 aa ad f8 7f 00 00 00 49 aa ad f8 7f 00 00
0x00007ff8ae42c0f0:   30 c1 a9 ad f8 7f 00 00 f0 3b a4 ad f8 7f 00 00
0x00007ff8ae42c100:   d0 f3 a3 ad f8 7f 00 00 30 10 b0 ad f8 7f 00 00
0x00007ff8ae42c110:   d0 f3 a3 ad f8 7f 00 00 b0 91 a3 ad f8 7f 00 00
0x00007ff8ae42c120:   30 10 b0 ad f8 7f 00 00 d0 f3 a3 ad f8 7f 00 00
0x00007ff8ae42c130:   d0 83 ae ad f8 7f 00 00 70 92 c9 ad f8 7f 00 00
0x00007ff8ae42c140:   a0 87 0d ae f8 7f 00 00 d0 f3 a3 ad f8 7f 00 00
0x00007ff8ae42c150:   00 be c0 ad f8 7f 00 00 90 a6 0d ae f8 7f 00 00
0x00007ff8ae42c160:   70 bd a9 ad f8 7f 00 00 70 bd a9 ad f8 7f 00 00
0x00007ff8ae42c170:   d0 f3 a3 ad f8 7f 00 00 00 8b a3 ad f8 7f 00 00
0x00007ff8ae42c180:   00 8b a3 ad f8 7f 00 00 d0 f3 a3 ad f8 7f 00 00
0x00007ff8ae42c190:   30 c1 a9 ad f8 7f 00 00 c0 f5 a3 ad f8 7f 00 00
0x00007ff8ae42c1a0:   78 53 55 ae f8 7f 00 00 70 1f ae ad f8 7f 00 00
0x00007ff8ae42c1b0:   b0 47 aa ad f8 7f 00 00 f0 3b a4 ad f8 7f 00 00
0x00007ff8ae42c1c0:   30 c1 a9 ad f8 7f 00 00 d0 f3 a3 ad f8 7f 00 00
0x00007ff8ae42c1d0:   10 9e c7 ad f8 7f 00 00 d0 f3 a3 ad f8 7f 00 00 


Stack slot to memory mapping:

stack at sp + 0 slots: 0x00007ff8ae12615e jvm.dll
stack at sp + 1 slots: 0x000000196a2fbcf0 is pointing into the stack for thread: 0x000001ac4b5b97c0
stack at sp + 2 slots: 0x000000196a2fbfb0 is pointing into the stack for thread: 0x000001ac4b5b97c0
stack at sp + 3 slots: 0x000001ac49f8bb18 points into unknown readable memory: 0x00007ff8ae4618b0 | b0 18 46 ae f8 7f 00 00
stack at sp + 4 slots: 0x00007ff8ae027d4a jvm.dll
stack at sp + 5 slots: 0x000001ac4b66fce0 points into unknown readable memory: 0x000001ac49d7cd38 | 38 cd d7 49 ac 01 00 00
stack at sp + 6 slots: 0x000001ac4b66fee0 points into unknown readable memory: 0x6974752e6176616a | 6a 61 76 61 2e 75 74 69
stack at sp + 7 slots: 0x000001ac4b66fce0 points into unknown readable memory: 0x000001ac49d7cd38 | 38 cd d7 49 ac 01 00 00


---------------  P R O C E S S  ---------------

Threads class SMR info:
_java_thread_list=0x000001ac49c0cbf0, length=66, elements={
0x000001ac69da86d0, 0x000001ac7e455180, 0x000001ac7e4568d0, 0x000001ac7e4582a0,
0x000001ac7e4599f0, 0x000001ac7e45f150, 0x000001ac7e4652c0, 0x000001ac7e46eed0,
0x000001ac7e470970, 0x000001ac470aa6e0, 0x000001ac470a7f80, 0x000001ac470a9330,
0x000001ac470a78f0, 0x000001ac470aad70, 0x000001ac470a8610, 0x000001ac470a8ca0,
0x000001ac470a99c0, 0x000001ac47129210, 0x000001ac471298a0, 0x000001ac4712c690,
0x000001ac4712d3b0, 0x000001ac47127e60, 0x000001ac4712b970, 0x000001ac4712c000,
0x000001ac4712a5c0, 0x000001ac471284f0, 0x000001ac4712cd20, 0x000001ac4712ac50,
0x000001ac4712da40, 0x000001ac4712edf0, 0x000001ac4712f480, 0x000001ac47129f30,
0x000001ac4712e0d0, 0x000001ac47128b80, 0x000001ac49fc6520, 0x000001ac49fc3dc0,
0x000001ac49fc4ae0, 0x000001ac49fc2a10, 0x000001ac49fc6bb0, 0x000001ac49fc1cf0,
0x000001ac49fc5e90, 0x000001ac49fc0940, 0x000001ac49fc7f60, 0x000001ac49fc1660,
0x000001ac49fc3730, 0x000001ac49fc5800, 0x000001ac49fc7240, 0x000001ac49fc78d0,
0x000001ac49fc30a0, 0x000001ac4712e760, 0x000001ac4813d660, 0x000001ac4813bc20,
0x000001ac4b5b97c0, 0x000001ac4b5b9e90, 0x000001ac4813b590, 0x000001ac48139b50,
0x000001ac4813c2b0, 0x000001ac4813dcf0, 0x000001ac4813e380, 0x000001ac48140450,
0x000001ac4813a870, 0x000001ac4813f0a0, 0x000001ac4813c940, 0x000001ac4813f730,
0x000001ac4813cfd0, 0x000001ac48140ae0
}

Java Threads: ( => current thread )
  0x000001ac69da86d0 JavaThread "main"                              [_thread_blocked, id=16964, stack(0x0000001968700000,0x0000001968800000) (1024K)]
  0x000001ac7e455180 JavaThread "Reference Handler"          daemon [_thread_blocked, id=16856, stack(0x0000001968b00000,0x0000001968c00000) (1024K)]
  0x000001ac7e4568d0 JavaThread "Finalizer"                  daemon [_thread_blocked, id=12740, stack(0x0000001968c00000,0x0000001968d00000) (1024K)]
  0x000001ac7e4582a0 JavaThread "Signal Dispatcher"          daemon [_thread_blocked, id=9468, stack(0x0000001968d00000,0x0000001968e00000) (1024K)]
  0x000001ac7e4599f0 JavaThread "Attach Listener"            daemon [_thread_blocked, id=15112, stack(0x0000001968e00000,0x0000001968f00000) (1024K)]
  0x000001ac7e45f150 JavaThread "Service Thread"             daemon [_thread_blocked, id=12848, stack(0x0000001968f00000,0x0000001969000000) (1024K)]
  0x000001ac7e4652c0 JavaThread "Monitor Deflation Thread"   daemon [_thread_blocked, id=6588, stack(0x0000001969000000,0x0000001969100000) (1024K)]
  0x000001ac7e46eed0 JavaThread "C2 CompilerThread0"         daemon [_thread_blocked, id=1692, stack(0x0000001969100000,0x0000001969200000) (1024K)]
  0x000001ac7e470970 JavaThread "C1 CompilerThread0"         daemon [_thread_blocked, id=12236, stack(0x0000001969200000,0x0000001969300000) (1024K)]
  0x000001ac470aa6e0 JavaThread "Common-Cleaner"             daemon [_thread_blocked, id=8576, stack(0x0000001969300000,0x0000001969400000) (1024K)]
  0x000001ac470a7f80 JavaThread "Notification Thread"        daemon [_thread_blocked, id=16728, stack(0x0000001969500000,0x0000001969600000) (1024K)]
  0x000001ac470a9330 JavaThread "Active Thread: Equinox Container: b6d8177d-dd92-4a2f-b96f-3853e65642fe"        [_thread_blocked, id=6200, stack(0x0000001969d00000,0x0000001969e00000) (1024K)]
  0x000001ac470a78f0 JavaThread "Refresh Thread: Equinox Container: b6d8177d-dd92-4a2f-b96f-3853e65642fe" daemon [_thread_blocked, id=1952, stack(0x0000001969400000,0x0000001969500000) (1024K)]
  0x000001ac470aad70 JavaThread "Framework Event Dispatcher: Equinox Container: b6d8177d-dd92-4a2f-b96f-3853e65642fe" daemon [_thread_blocked, id=12916, stack(0x0000001969e00000,0x0000001969f00000) (1024K)]
  0x000001ac470a8610 JavaThread "Start Level: Equinox Container: b6d8177d-dd92-4a2f-b96f-3853e65642fe" daemon [_thread_blocked, id=12864, stack(0x0000001969f00000,0x000000196a000000) (1024K)]
  0x000001ac470a8ca0 JavaThread "Bundle File Closer"         daemon [_thread_blocked, id=11936, stack(0x000000196a000000,0x000000196a100000) (1024K)]
  0x000001ac470a99c0 JavaThread "SCR Component Actor"        daemon [_thread_blocked, id=2964, stack(0x000000196a100000,0x000000196a200000) (1024K)]
  0x000001ac47129210 JavaThread "Worker-JM"                         [_thread_blocked, id=9944, stack(0x000000196a300000,0x000000196a400000) (1024K)]
  0x000001ac471298a0 JavaThread "JNA Cleaner"                daemon [_thread_blocked, id=5392, stack(0x000000196a500000,0x000000196a600000) (1024K)]
  0x000001ac4712c690 JavaThread "Worker-0"                          [_thread_blocked, id=2016, stack(0x000000196a600000,0x000000196a700000) (1024K)]
  0x000001ac4712d3b0 JavaThread "Worker-1"                          [_thread_blocked, id=8684, stack(0x000000196a700000,0x000000196a800000) (1024K)]
  0x000001ac47127e60 JavaThread "Java indexing"              daemon [_thread_blocked, id=16956, stack(0x000000196a900000,0x000000196aa00000) (1024K)]
  0x000001ac4712b970 JavaThread "Worker-2"                          [_thread_blocked, id=3852, stack(0x000000196aa00000,0x000000196ab00000) (1024K)]
  0x000001ac4712c000 JavaThread "Worker-3: Java indexing... "        [_thread_blocked, id=11928, stack(0x000000196ab00000,0x000000196ac00000) (1024K)]
  0x000001ac4712a5c0 JavaThread "Worker-4: Building"                [_thread_blocked, id=14248, stack(0x000000196ac00000,0x000000196ad00000) (1024K)]
  0x000001ac471284f0 JavaThread "Thread-2"                   daemon [_thread_in_native, id=11996, stack(0x000000196ad00000,0x000000196ae00000) (1024K)]
  0x000001ac4712cd20 JavaThread "Thread-3"                   daemon [_thread_in_native, id=13252, stack(0x000000196ae00000,0x000000196af00000) (1024K)]
  0x000001ac4712ac50 JavaThread "Thread-4"                   daemon [_thread_in_native, id=14064, stack(0x000000196af00000,0x000000196b000000) (1024K)]
  0x000001ac4712da40 JavaThread "Thread-5"                   daemon [_thread_in_native, id=2772, stack(0x000000196b000000,0x000000196b100000) (1024K)]
  0x000001ac4712edf0 JavaThread "Thread-6"                   daemon [_thread_in_native, id=12392, stack(0x000000196b100000,0x000000196b200000) (1024K)]
  0x000001ac4712f480 JavaThread "Thread-7"                   daemon [_thread_in_native, id=5940, stack(0x000000196b200000,0x000000196b300000) (1024K)]
  0x000001ac47129f30 JavaThread "Thread-8"                   daemon [_thread_in_native, id=9316, stack(0x000000196b300000,0x000000196b400000) (1024K)]
  0x000001ac4712e0d0 JavaThread "Thread-9"                   daemon [_thread_in_native, id=13740, stack(0x000000196b400000,0x000000196b500000) (1024K)]
  0x000001ac47128b80 JavaThread "Thread-10"                  daemon [_thread_in_native, id=13732, stack(0x000000196b500000,0x000000196b600000) (1024K)]
  0x000001ac49fc6520 JavaThread "pool-2-thread-1"                   [_thread_blocked, id=14524, stack(0x000000196b600000,0x000000196b700000) (1024K)]
  0x000001ac49fc3dc0 JavaThread "WorkspaceEventsHandler"            [_thread_blocked, id=5308, stack(0x000000196b700000,0x000000196b800000) (1024K)]
  0x000001ac49fc4ae0 JavaThread "pool-1-thread-1"                   [_thread_blocked, id=2204, stack(0x000000196b800000,0x000000196b900000) (1024K)]
  0x000001ac49fc2a10 JavaThread "Worker-5"                          [_thread_blocked, id=6240, stack(0x000000196b900000,0x000000196ba00000) (1024K)]
  0x000001ac49fc6bb0 JavaThread "LocalFile Deleter"          daemon [_thread_blocked, id=16332, stack(0x000000196a800000,0x000000196a900000) (1024K)]
  0x000001ac49fc1cf0 JavaThread "LocalFile Deleter"          daemon [_thread_blocked, id=12124, stack(0x000000196ba00000,0x000000196bb00000) (1024K)]
  0x000001ac49fc5e90 JavaThread "LocalFile Deleter"          daemon [_thread_blocked, id=1932, stack(0x000000196bb00000,0x000000196bc00000) (1024K)]
  0x000001ac49fc0940 JavaThread "LocalFile Deleter"          daemon [_thread_blocked, id=16204, stack(0x000000196bc00000,0x000000196bd00000) (1024K)]
  0x000001ac49fc7f60 JavaThread "LocalFile Deleter"          daemon [_thread_blocked, id=13268, stack(0x000000196bd00000,0x000000196be00000) (1024K)]
  0x000001ac49fc1660 JavaThread "LocalFile Deleter"          daemon [_thread_blocked, id=14592, stack(0x000000196be00000,0x000000196bf00000) (1024K)]
  0x000001ac49fc3730 JavaThread "LocalFile Deleter"          daemon [_thread_blocked, id=6600, stack(0x000000196bf00000,0x000000196c000000) (1024K)]
  0x000001ac49fc5800 JavaThread "LocalFile Deleter"          daemon [_thread_blocked, id=11188, stack(0x000000196c000000,0x000000196c100000) (1024K)]
  0x000001ac49fc7240 JavaThread "Compiler Source File Reader" daemon [_thread_blocked, id=2316, stack(0x000000196c100000,0x000000196c200000) (1024K)]
  0x000001ac49fc78d0 JavaThread "Compiler Source File Reader" daemon [_thread_blocked, id=6516, stack(0x000000196c200000,0x000000196c300000) (1024K)]
  0x000001ac49fc30a0 JavaThread "Compiler Source File Reader" daemon [_thread_blocked, id=8388, stack(0x000000196c300000,0x000000196c400000) (1024K)]
  0x000001ac4712e760 JavaThread "Compiler Source File Reader" daemon [_thread_blocked, id=5484, stack(0x000000196c400000,0x000000196c500000) (1024K)]
  0x000001ac4813d660 JavaThread "Compiler Source File Reader" daemon [_thread_blocked, id=16920, stack(0x000000196c500000,0x000000196c600000) (1024K)]
  0x000001ac4813bc20 JavaThread "Compiler Source File Reader" daemon [_thread_blocked, id=14808, stack(0x000000196c600000,0x000000196c700000) (1024K)]
=>0x000001ac4b5b97c0 JavaThread "C2 CompilerThread1"         daemon [_thread_in_native, id=13964, stack(0x000000196a200000,0x000000196a300000) (1024K)]
  0x000001ac4b5b9e90 JavaThread "C2 CompilerThread2"         daemon [_thread_blocked, id=7300, stack(0x000000196a400000,0x000000196a500000) (1024K)]
  0x000001ac4813b590 JavaThread "Compiler Processing Task"   daemon [_thread_blocked, id=16892, stack(0x000000196c700000,0x000000196c800000) (1024K)]
  0x000001ac48139b50 JavaThread "Compiler Class File Writer" daemon [_thread_blocked, id=9320, stack(0x000000196c800000,0x000000196c900000) (1024K)]
  0x000001ac4813c2b0 JavaThread "Compiler Class File Writer" daemon [_thread_blocked, id=2080, stack(0x000000196c900000,0x000000196ca00000) (1024K)]
  0x000001ac4813dcf0 JavaThread "Compiler Class File Writer" daemon [_thread_blocked, id=3016, stack(0x000000196ca00000,0x000000196cb00000) (1024K)]
  0x000001ac4813e380 JavaThread "Compiler Class File Writer" daemon [_thread_blocked, id=8696, stack(0x000000196cb00000,0x000000196cc00000) (1024K)]
  0x000001ac48140450 JavaThread "Compiler Class File Writer" daemon [_thread_blocked, id=5760, stack(0x000000196cc00000,0x000000196cd00000) (1024K)]
  0x000001ac4813a870 JavaThread "Compiler Class File Writer" daemon [_thread_blocked, id=5136, stack(0x000000196cd00000,0x000000196ce00000) (1024K)]
  0x000001ac4813f0a0 JavaThread "ParallelDescriptorResolver-0-0" daemon [_thread_blocked, id=2980, stack(0x000000196ce00000,0x000000196cf00000) (1024K)]
  0x000001ac4813c940 JavaThread "ParallelDescriptorResolver-0-1" daemon [_thread_blocked, id=6856, stack(0x000000196cf00000,0x000000196d000000) (1024K)]
  0x000001ac4813f730 JavaThread "ParallelDescriptorResolver-0-2" daemon [_thread_blocked, id=1852, stack(0x000000196d000000,0x000000196d100000) (1024K)]
  0x000001ac4813cfd0 JavaThread "ParallelDescriptorResolver-0-3" daemon [_thread_blocked, id=3376, stack(0x000000196d100000,0x000000196d200000) (1024K)]
  0x000001ac48140ae0 JavaThread "ParallelDescriptorResolver-0-4" daemon [_thread_blocked, id=12136, stack(0x000000196d200000,0x000000196d300000) (1024K)]
Total: 66

Other Threads:
  0x000001ac7e442500 VMThread "VM Thread"                           [id=7368, stack(0x0000001968a00000,0x0000001968b00000) (1024K)]
  0x000001ac6c112a30 WatcherThread "VM Periodic Task Thread"        [id=4764, stack(0x0000001968900000,0x0000001968a00000) (1024K)]
  0x000001ac6c0c77d0 WorkerThread "GC Thread#0"                     [id=7404, stack(0x0000001968800000,0x0000001968900000) (1024K)]
  0x000001ac47be67e0 WorkerThread "GC Thread#1"                     [id=4508, stack(0x0000001969700000,0x0000001969800000) (1024K)]
  0x000001ac47c87600 WorkerThread "GC Thread#2"                     [id=15200, stack(0x0000001969800000,0x0000001969900000) (1024K)]
  0x000001ac47c879a0 WorkerThread "GC Thread#3"                     [id=13020, stack(0x0000001969900000,0x0000001969a00000) (1024K)]
  0x000001ac4761d2d0 WorkerThread "GC Thread#4"                     [id=5684, stack(0x0000001969a00000,0x0000001969b00000) (1024K)]
  0x000001ac47720270 WorkerThread "GC Thread#5"                     [id=15156, stack(0x0000001969b00000,0x0000001969c00000) (1024K)]
  0x000001ac4749c790 WorkerThread "GC Thread#6"                     [id=14140, stack(0x0000001969c00000,0x0000001969d00000) (1024K)]
  0x000001ac480e9440 WorkerThread "GC Thread#7"                     [id=12396, stack(0x0000001969600000,0x0000001969700000) (1024K)]
Total: 10

Threads with active compile tasks:
C2 CompilerThread0  37335 10175   !   4       org.codehaus.plexus.interpolation.StringSearchInterpolator::interpolate (668 bytes)
C1 CompilerThread0  37335 10564       3       org.apache.maven.model.io.xpp3.MavenXpp3Reader::parseModel (1606 bytes)
C2 CompilerThread1  37335 10358 %     4       java.util.Properties::load0 @ 29 (249 bytes)
C2 CompilerThread2  37336 10428       4       org.codehaus.plexus.util.xml.pull.MXParser::nextImpl (1203 bytes)
Total: 4

VM state: at safepoint (normal execution)

VM Mutex/Monitor currently owned by a thread:  ([mutex/lock_event])
[0x00007ff8ae6de308] Threads_lock - owner thread: 0x000001ac7e442500
[0x00007ff8ae6de408] Heap_lock - owner thread: 0x000001ac7e470970

Heap address: 0x00000000c0000000, size: 1024 MB, Compressed Oops mode: 32-bit

CDS archive(s) mapped at: [0x000001ac02000000-0x000001ac02ba0000-0x000001ac02ba0000), size 12189696, SharedBaseAddress: 0x000001ac02000000, ArchiveRelocationMode: 1.
Compressed class space mapped at: 0x000001ac03000000-0x000001ac43000000, reserved size: 1073741824
Narrow klass base: 0x000001ac02000000, Narrow klass shift: 0, Narrow klass range: 0x100000000

GC Precious Log:
 CardTable entry size: 512
 CPUs: 8 total, 8 available
 Memory: 8072M
 Large Page Support: Disabled
 NUMA Support: Disabled
 Compressed Oops: Enabled (32-bit)
 Alignments: Space 512K, Generation 512K, Heap 2M
 Heap Min Capacity: 100M
 Heap Initial Capacity: 100M
 Heap Max Capacity: 1G
 Pre-touch: Disabled
 Parallel Workers: 8

Heap:
 PSYoungGen      total 4608K, used 160K [0x00000000eab00000, 0x00000000eb080000, 0x0000000100000000)
  eden space 4096K, 0% used [0x00000000eab00000,0x00000000eab00000,0x00000000eaf00000)
  from space 512K, 31% used [0x00000000eaf00000,0x00000000eaf28020,0x00000000eaf80000)
  to   space 512K, 0% used [0x00000000eb000000,0x00000000eb000000,0x00000000eb080000)
 ParOldGen       total 534528K, used 534441K [0x00000000c0000000, 0x00000000e0a00000, 0x00000000eab00000)
  object space 534528K, 99% used [0x00000000c0000000,0x00000000e09ea728,0x00000000e0a00000)
 Metaspace       used 58380K, committed 59776K, reserved 1114112K
  class space    used 6020K, committed 6720K, reserved 1048576K

Card table byte_map: [0x000001ac6ba50000,0x000001ac6bc60000] _byte_map_base: 0x000001ac6b450000

Marking Bits: (ParMarkBitMap*) 0x00007ff8ae6e31f0
 Begin Bits: [0x000001ac00000000, 0x000001ac01000000)
 End Bits:   [0x000001ac01000000, 0x000001ac02000000)

Polling page: 0x000001ac69f20000

Metaspace:

Usage:
  Non-class:     51.13 MB used.
      Class:      5.88 MB used.
       Both:     57.01 MB used.

Virtual space:
  Non-class space:       64.00 MB reserved,      51.81 MB ( 81%) committed,  1 nodes.
      Class space:        1.00 GB reserved,       6.56 MB ( <1%) committed,  1 nodes.
             Both:        1.06 GB reserved,      58.38 MB (  5%) committed. 

Chunk freelists:
   Non-Class:  11.98 MB
       Class:  9.48 MB
        Both:  21.47 MB

MaxMetaspaceSize: unlimited
CompressedClassSpaceSize: 1.00 GB
Initial GC threshold: 21.00 MB
Current GC threshold: 97.31 MB
CDS: on
 - commit_granule_bytes: 65536.
 - commit_granule_words: 8192.
 - virtual_space_node_default_size: 8388608.
 - enlarge_chunks_in_place: 1.
 - use_allocation_guard: 0.


Internal statistics:

num_allocs_failed_limit: 9.
num_arena_births: 1120.
num_arena_deaths: 14.
num_vsnodes_births: 2.
num_vsnodes_deaths: 0.
num_space_committed: 935.
num_space_uncommitted: 0.
num_chunks_returned_to_freelist: 23.
num_chunks_taken_from_freelist: 3849.
num_chunk_merges: 15.
num_chunk_splits: 2355.
num_chunks_enlarged: 1317.
num_inconsistent_stats: 0.

CodeHeap 'non-profiled nmethods': size=120000Kb used=7683Kb max_used=7756Kb free=112316Kb
 bounds [0x000001ac76d70000, 0x000001ac77510000, 0x000001ac7e2a0000]
CodeHeap 'profiled nmethods': size=120000Kb used=21760Kb max_used=22356Kb free=98239Kb
 bounds [0x000001ac6f2a0000, 0x000001ac70880000, 0x000001ac767d0000]
CodeHeap 'non-nmethods': size=5760Kb used=1418Kb max_used=1499Kb free=4341Kb
 bounds [0x000001ac767d0000, 0x000001ac76a40000, 0x000001ac76d70000]
 total_blobs=10509 nmethods=9786 adapters=628
 compilation: enabled
              stopped_count=0, restarted_count=0
 full_count=0

Compilation events (20 events):
Event: 37.084 Thread 0x000001ac7e470970 10552       3       org.eclipse.aether.util.repository.DefaultMirrorSelector::findMirror (149 bytes)
Event: 37.085 Thread 0x000001ac7e470970 nmethod 10552 0x000001ac7086c590 code [0x000001ac7086c860, 0x000001ac7086d630]
Event: 37.086 Thread 0x000001ac7e470970 10553       1       org.apache.maven.repository.internal.DefaultModelCache$Key::hashCode (5 bytes)
Event: 37.086 Thread 0x000001ac7e470970 nmethod 10553 0x000001ac77502a10 code [0x000001ac77502ba0, 0x000001ac77502c68]
Event: 37.086 Thread 0x000001ac7e470970 10554       1       org.eclipse.aether.DefaultRepositorySystemSession::isIgnoreArtifactDescriptorRepositories (5 bytes)
Event: 37.086 Thread 0x000001ac7e470970 nmethod 10554 0x000001ac77502d10 code [0x000001ac77502ea0, 0x000001ac77502f70]
Event: 37.091 Thread 0x000001ac7e470970 10557       3       org.apache.maven.model.interpolation.StringVisitorModelInterpolator$ModelVisitor::visit (210 bytes)
Event: 37.094 Thread 0x000001ac7e470970 nmethod 10557 0x000001ac7086db10 code [0x000001ac7086df20, 0x000001ac70870238]
Event: 37.094 Thread 0x000001ac7e470970 10563       3       org.apache.maven.model.interpolation.StringVisitorModelInterpolator$ModelVisitor::visit (87 bytes)
Event: 37.095 Thread 0x000001ac7e470970 nmethod 10563 0x000001ac70870b90 code [0x000001ac70870e00, 0x000001ac70871998]
Event: 37.095 Thread 0x000001ac7e470970 10560       3       org.apache.maven.model.merge.ModelMerger::mergeModelBase_Dependencies (26 bytes)
Event: 37.096 Thread 0x000001ac7e470970 nmethod 10560 0x000001ac70871e10 code [0x000001ac70872040, 0x000001ac70872a30]
Event: 37.096 Thread 0x000001ac7e470970 10561       3       org.apache.maven.model.merge.ModelMerger::mergeModelBase_Reporting (49 bytes)
Event: 37.096 Thread 0x000001ac7e470970 nmethod 10561 0x000001ac70872e10 code [0x000001ac70872fe0, 0x000001ac70873528]
Event: 37.096 Thread 0x000001ac7e470970 10562       3       org.apache.maven.model.merge.ModelMerger::mergeModelBase_DependencyManagement (49 bytes)
Event: 37.097 Thread 0x000001ac7e470970 nmethod 10562 0x000001ac70873710 code [0x000001ac708738e0, 0x000001ac70873e20]
Event: 37.097 Thread 0x000001ac7e470970 10559       3       org.apache.maven.model.merge.ModelMerger::mergeModelBase (73 bytes)
Event: 37.097 Thread 0x000001ac7e470970 nmethod 10559 0x000001ac70874010 code [0x000001ac70874240, 0x000001ac70874a08]
Event: 37.097 Thread 0x000001ac7e470970 10558       3       org.apache.maven.model.validation.DefaultModelValidator::validateDependencyVersion (25 bytes)
Event: 37.098 Thread 0x000001ac7e470970 nmethod 10558 0x000001ac70874b90 code [0x000001ac70874d60, 0x000001ac70874f68]

GC Heap History (20 events):
Event: 36.790 GC heap after
{Heap after GC invocations=612 (full 2):
 PSYoungGen      total 5120K, used 640K [0x00000000eab00000, 0x00000000eb100000, 0x0000000100000000)
  eden space 4096K, 0% used [0x00000000eab00000,0x00000000eab00000,0x00000000eaf00000)
  from space 1024K, 62% used [0x00000000eb000000,0x00000000eb0a0000,0x00000000eb100000)
  to   space 1024K, 0% used [0x00000000eaf00000,0x00000000eaf00000,0x00000000eb000000)
 ParOldGen       total 528384K, used 528100K [0x00000000c0000000, 0x00000000e0400000, 0x00000000eab00000)
  object space 528384K, 99% used [0x00000000c0000000,0x00000000e03b9108,0x00000000e0400000)
 Metaspace       used 57975K, committed 59328K, reserved 1114112K
  class space    used 5985K, committed 6656K, reserved 1048576K
}
Event: 36.826 GC heap before
{Heap before GC invocations=613 (full 2):
 PSYoungGen      total 5120K, used 4736K [0x00000000eab00000, 0x00000000eb100000, 0x0000000100000000)
  eden space 4096K, 100% used [0x00000000eab00000,0x00000000eaf00000,0x00000000eaf00000)
  from space 1024K, 62% used [0x00000000eb000000,0x00000000eb0a0000,0x00000000eb100000)
  to   space 1024K, 0% used [0x00000000eaf00000,0x00000000eaf00000,0x00000000eb000000)
 ParOldGen       total 528384K, used 528158K [0x00000000c0000000, 0x00000000e0400000, 0x00000000eab00000)
  object space 528384K, 99% used [0x00000000c0000000,0x00000000e03c7a10,0x00000000e0400000)
 Metaspace       used 58075K, committed 59392K, reserved 1114112K
  class space    used 6001K, committed 6656K, reserved 1048576K
}
Event: 36.833 GC heap after
{Heap after GC invocations=613 (full 2):
 PSYoungGen      total 5120K, used 995K [0x00000000eab00000, 0x00000000eb500000, 0x0000000100000000)
  eden space 4096K, 0% used [0x00000000eab00000,0x00000000eab00000,0x00000000eaf00000)
  from space 1024K, 97% used [0x00000000eaf00000,0x00000000eaff8e18,0x00000000eb000000)
  to   space 3072K, 0% used [0x00000000eb200000,0x00000000eb200000,0x00000000eb500000)
 ParOldGen       total 529920K, used 529564K [0x00000000c0000000, 0x00000000e0580000, 0x00000000eab00000)
  object space 529920K, 99% used [0x00000000c0000000,0x00000000e05270a8,0x00000000e0580000)
 Metaspace       used 58075K, committed 59392K, reserved 1114112K
  class space    used 6001K, committed 6656K, reserved 1048576K
}
Event: 36.860 GC heap before
{Heap before GC invocations=614 (full 2):
 PSYoungGen      total 5120K, used 5091K [0x00000000eab00000, 0x00000000eb500000, 0x0000000100000000)
  eden space 4096K, 100% used [0x00000000eab00000,0x00000000eaf00000,0x00000000eaf00000)
  from space 1024K, 97% used [0x00000000eaf00000,0x00000000eaff8e18,0x00000000eb000000)
  to   space 3072K, 0% used [0x00000000eb200000,0x00000000eb200000,0x00000000eb500000)
 ParOldGen       total 529920K, used 529565K [0x00000000c0000000, 0x00000000e0580000, 0x00000000eab00000)
  object space 529920K, 99% used [0x00000000c0000000,0x00000000e0527700,0x00000000e0580000)
 Metaspace       used 58217K, committed 59648K, reserved 1114112K
  class space    used 6018K, committed 6720K, reserved 1048576K
}
Event: 36.864 GC heap after
{Heap after GC invocations=614 (full 2):
 PSYoungGen      total 5632K, used 1152K [0x00000000eab00000, 0x00000000eb380000, 0x0000000100000000)
  eden space 4096K, 0% used [0x00000000eab00000,0x00000000eab00000,0x00000000eaf00000)
  from space 1536K, 75% used [0x00000000eb200000,0x00000000eb320000,0x00000000eb380000)
  to   space 2048K, 0% used [0x00000000eaf80000,0x00000000eaf80000,0x00000000eb180000)
 ParOldGen       total 530432K, used 530266K [0x00000000c0000000, 0x00000000e0600000, 0x00000000eab00000)
  object space 530432K, 99% used [0x00000000c0000000,0x00000000e05d6b18,0x00000000e0600000)
 Metaspace       used 58217K, committed 59648K, reserved 1114112K
  class space    used 6018K, committed 6720K, reserved 1048576K
}
Event: 36.888 GC heap before
{Heap before GC invocations=615 (full 2):
 PSYoungGen      total 5632K, used 5248K [0x00000000eab00000, 0x00000000eb380000, 0x0000000100000000)
  eden space 4096K, 100% used [0x00000000eab00000,0x00000000eaf00000,0x00000000eaf00000)
  from space 1536K, 75% used [0x00000000eb200000,0x00000000eb320000,0x00000000eb380000)
  to   space 2048K, 0% used [0x00000000eaf80000,0x00000000eaf80000,0x00000000eb180000)
 ParOldGen       total 530432K, used 530266K [0x00000000c0000000, 0x00000000e0600000, 0x00000000eab00000)
  object space 530432K, 99% used [0x00000000c0000000,0x00000000e05d6b18,0x00000000e0600000)
 Metaspace       used 58231K, committed 59648K, reserved 1114112K
  class space    used 6018K, committed 6720K, reserved 1048576K
}
Event: 36.891 GC heap after
{Heap after GC invocations=615 (full 2):
 PSYoungGen      total 5120K, used 928K [0x00000000eab00000, 0x00000000eb280000, 0x0000000100000000)
  eden space 4096K, 0% used [0x00000000eab00000,0x00000000eab00000,0x00000000eaf00000)
  from space 1024K, 90% used [0x00000000eaf80000,0x00000000eb068000,0x00000000eb080000)
  to   space 1536K, 0% used [0x00000000eb100000,0x00000000eb100000,0x00000000eb280000)
 ParOldGen       total 531456K, used 531194K [0x00000000c0000000, 0x00000000e0700000, 0x00000000eab00000)
  object space 531456K, 99% used [0x00000000c0000000,0x00000000e06be858,0x00000000e0700000)
 Metaspace       used 58231K, committed 59648K, reserved 1114112K
  class space    used 6018K, committed 6720K, reserved 1048576K
}
Event: 36.918 GC heap before
{Heap before GC invocations=616 (full 2):
 PSYoungGen      total 5120K, used 5024K [0x00000000eab00000, 0x00000000eb280000, 0x0000000100000000)
  eden space 4096K, 100% used [0x00000000eab00000,0x00000000eaf00000,0x00000000eaf00000)
  from space 1024K, 90% used [0x00000000eaf80000,0x00000000eb068000,0x00000000eb080000)
  to   space 1536K, 0% used [0x00000000eb100000,0x00000000eb100000,0x00000000eb280000)
 ParOldGen       total 531456K, used 531194K [0x00000000c0000000, 0x00000000e0700000, 0x00000000eab00000)
  object space 531456K, 99% used [0x00000000c0000000,0x00000000e06be858,0x00000000e0700000)
 Metaspace       used 58244K, committed 59648K, reserved 1114112K
  class space    used 6018K, committed 6720K, reserved 1048576K
}
Event: 36.922 GC heap after
{Heap after GC invocations=616 (full 2):
 PSYoungGen      total 4608K, used 384K [0x00000000eab00000, 0x00000000eb180000, 0x0000000100000000)
  eden space 4096K, 0% used [0x00000000eab00000,0x00000000eab00000,0x00000000eaf00000)
  from space 512K, 75% used [0x00000000eb100000,0x00000000eb160000,0x00000000eb180000)
  to   space 1024K, 0% used [0x00000000eaf80000,0x00000000eaf80000,0x00000000eb080000)
 ParOldGen       total 531968K, used 531921K [0x00000000c0000000, 0x00000000e0780000, 0x00000000eab00000)
  object space 531968K, 99% used [0x00000000c0000000,0x00000000e07746f8,0x00000000e0780000)
 Metaspace       used 58244K, committed 59648K, reserved 1114112K
  class space    used 6018K, committed 6720K, reserved 1048576K
}
Event: 36.946 GC heap before
{Heap before GC invocations=617 (full 2):
 PSYoungGen      total 4608K, used 4480K [0x00000000eab00000, 0x00000000eb180000, 0x0000000100000000)
  eden space 4096K, 100% used [0x00000000eab00000,0x00000000eaf00000,0x00000000eaf00000)
  from space 512K, 75% used [0x00000000eb100000,0x00000000eb160000,0x00000000eb180000)
  to   space 1024K, 0% used [0x00000000eaf80000,0x00000000eaf80000,0x00000000eb080000)
 ParOldGen       total 531968K, used 531921K [0x00000000c0000000, 0x00000000e0780000, 0x00000000eab00000)
  object space 531968K, 99% used [0x00000000c0000000,0x00000000e07746f8,0x00000000e0780000)
 Metaspace       used 58267K, committed 59712K, reserved 1114112K
  class space    used 6018K, committed 6720K, reserved 1048576K
}
Event: 36.949 GC heap after
{Heap after GC invocations=617 (full 2):
 PSYoungGen      total 5120K, used 544K [0x00000000eab00000, 0x00000000eb180000, 0x0000000100000000)
  eden space 4096K, 0% used [0x00000000eab00000,0x00000000eab00000,0x00000000eaf00000)
  from space 1024K, 53% used [0x00000000eaf80000,0x00000000eb008010,0x00000000eb080000)
  to   space 1024K, 0% used [0x00000000eb080000,0x00000000eb080000,0x00000000eb180000)
 ParOldGen       total 532480K, used 532193K [0x00000000c0000000, 0x00000000e0800000, 0x00000000eab00000)
  object space 532480K, 99% used [0x00000000c0000000,0x00000000e07b86f8,0x00000000e0800000)
 Metaspace       used 58267K, committed 59712K, reserved 1114112K
  class space    used 6018K, committed 6720K, reserved 1048576K
}
Event: 36.974 GC heap before
{Heap before GC invocations=618 (full 2):
 PSYoungGen      total 5120K, used 4640K [0x00000000eab00000, 0x00000000eb180000, 0x0000000100000000)
  eden space 4096K, 100% used [0x00000000eab00000,0x00000000eaf00000,0x00000000eaf00000)
  from space 1024K, 53% used [0x00000000eaf80000,0x00000000eb008010,0x00000000eb080000)
  to   space 1024K, 0% used [0x00000000eb080000,0x00000000eb080000,0x00000000eb180000)
 ParOldGen       total 532480K, used 532193K [0x00000000c0000000, 0x00000000e0800000, 0x00000000eab00000)
  object space 532480K, 99% used [0x00000000c0000000,0x00000000e07b86f8,0x00000000e0800000)
 Metaspace       used 58284K, committed 59712K, reserved 1114112K
  class space    used 6018K, committed 6720K, reserved 1048576K
}
Event: 36.979 GC heap after
{Heap after GC invocations=618 (full 2):
 PSYoungGen      total 5120K, used 736K [0x00000000eab00000, 0x00000000eb180000, 0x0000000100000000)
  eden space 4096K, 0% used [0x00000000eab00000,0x00000000eab00000,0x00000000eaf00000)
  from space 1024K, 71% used [0x00000000eb080000,0x00000000eb138020,0x00000000eb180000)
  to   space 1024K, 0% used [0x00000000eaf80000,0x00000000eaf80000,0x00000000eb080000)
 ParOldGen       total 532480K, used 532425K [0x00000000c0000000, 0x00000000e0800000, 0x00000000eab00000)
  object space 532480K, 99% used [0x00000000c0000000,0x00000000e07f26f8,0x00000000e0800000)
 Metaspace       used 58284K, committed 59712K, reserved 1114112K
  class space    used 6018K, committed 6720K, reserved 1048576K
}
Event: 37.010 GC heap before
{Heap before GC invocations=619 (full 2):
 PSYoungGen      total 5120K, used 4830K [0x00000000eab00000, 0x00000000eb180000, 0x0000000100000000)
  eden space 4096K, 99% used [0x00000000eab00000,0x00000000eaeffa70,0x00000000eaf00000)
  from space 1024K, 71% used [0x00000000eb080000,0x00000000eb138020,0x00000000eb180000)
  to   space 1024K, 0% used [0x00000000eaf80000,0x00000000eaf80000,0x00000000eb080000)
 ParOldGen       total 532480K, used 532425K [0x00000000c0000000, 0x00000000e0800000, 0x00000000eab00000)
  object space 532480K, 99% used [0x00000000c0000000,0x00000000e07f26f8,0x00000000e0800000)
 Metaspace       used 58335K, committed 59776K, reserved 1114112K
  class space    used 6018K, committed 6720K, reserved 1048576K
}
Event: 37.015 GC heap after
{Heap after GC invocations=619 (full 2):
 PSYoungGen      total 5120K, used 640K [0x00000000eab00000, 0x00000000eb100000, 0x0000000100000000)
  eden space 4096K, 0% used [0x00000000eab00000,0x00000000eab00000,0x00000000eaf00000)
  from space 1024K, 62% used [0x00000000eaf80000,0x00000000eb020000,0x00000000eb080000)
  to   space 512K, 0% used [0x00000000eb080000,0x00000000eb080000,0x00000000eb100000)
 ParOldGen       total 532992K, used 532921K [0x00000000c0000000, 0x00000000e0880000, 0x00000000eab00000)
  object space 532992K, 99% used [0x00000000c0000000,0x00000000e086e6f8,0x00000000e0880000)
 Metaspace       used 58335K, committed 59776K, reserved 1114112K
  class space    used 6018K, committed 6720K, reserved 1048576K
}
Event: 37.043 GC heap before
{Heap before GC invocations=620 (full 2):
 PSYoungGen      total 5120K, used 4736K [0x00000000eab00000, 0x00000000eb100000, 0x0000000100000000)
  eden space 4096K, 100% used [0x00000000eab00000,0x00000000eaf00000,0x00000000eaf00000)
  from space 1024K, 62% used [0x00000000eaf80000,0x00000000eb020000,0x00000000eb080000)
  to   space 512K, 0% used [0x00000000eb080000,0x00000000eb080000,0x00000000eb100000)
 ParOldGen       total 532992K, used 532921K [0x00000000c0000000, 0x00000000e0880000, 0x00000000eab00000)
  object space 532992K, 99% used [0x00000000c0000000,0x00000000e086e6f8,0x00000000e0880000)
 Metaspace       used 58340K, committed 59776K, reserved 1114112K
  class space    used 6018K, committed 6720K, reserved 1048576K
}
Event: 37.048 GC heap after
{Heap after GC invocations=620 (full 2):
 PSYoungGen      total 4608K, used 512K [0x00000000eab00000, 0x00000000eb200000, 0x0000000100000000)
  eden space 4096K, 0% used [0x00000000eab00000,0x00000000eab00000,0x00000000eaf00000)
  from space 512K, 100% used [0x00000000eb080000,0x00000000eb100000,0x00000000eb100000)
  to   space 1536K, 0% used [0x00000000eaf00000,0x00000000eaf00000,0x00000000eb080000)
 ParOldGen       total 534016K, used 533733K [0x00000000c0000000, 0x00000000e0980000, 0x00000000eab00000)
  object space 534016K, 99% used [0x00000000c0000000,0x00000000e0939718,0x00000000e0980000)
 Metaspace       used 58340K, committed 59776K, reserved 1114112K
  class space    used 6018K, committed 6720K, reserved 1048576K
}
Event: 37.073 GC heap before
{Heap before GC invocations=621 (full 2):
 PSYoungGen      total 4608K, used 4608K [0x00000000eab00000, 0x00000000eb200000, 0x0000000100000000)
  eden space 4096K, 100% used [0x00000000eab00000,0x00000000eaf00000,0x00000000eaf00000)
  from space 512K, 100% used [0x00000000eb080000,0x00000000eb100000,0x00000000eb100000)
  to   space 1536K, 0% used [0x00000000eaf00000,0x00000000eaf00000,0x00000000eb080000)
 ParOldGen       total 534016K, used 533733K [0x00000000c0000000, 0x00000000e0980000, 0x00000000eab00000)
  object space 534016K, 99% used [0x00000000c0000000,0x00000000e0939718,0x00000000e0980000)
 Metaspace       used 58358K, committed 59776K, reserved 1114112K
  class space    used 6019K, committed 6720K, reserved 1048576K
}
Event: 37.076 GC heap after
{Heap after GC invocations=621 (full 2):
 PSYoungGen      total 4608K, used 512K [0x00000000eab00000, 0x00000000eb100000, 0x0000000100000000)
  eden space 4096K, 0% used [0x00000000eab00000,0x00000000eab00000,0x00000000eaf00000)
  from space 512K, 100% used [0x00000000eaf00000,0x00000000eaf80000,0x00000000eaf80000)
  to   space 1024K, 0% used [0x00000000eb000000,0x00000000eb000000,0x00000000eb100000)
 ParOldGen       total 534528K, used 534045K [0x00000000c0000000, 0x00000000e0a00000, 0x00000000eab00000)
  object space 534528K, 99% used [0x00000000c0000000,0x00000000e0987718,0x00000000e0a00000)
 Metaspace       used 58358K, committed 59776K, reserved 1114112K
  class space    used 6019K, committed 6720K, reserved 1048576K
}
Event: 37.099 GC heap before
{Heap before GC invocations=622 (full 2):
 PSYoungGen      total 4608K, used 4605K [0x00000000eab00000, 0x00000000eb100000, 0x0000000100000000)
  eden space 4096K, 99% used [0x00000000eab00000,0x00000000eaeff5d0,0x00000000eaf00000)
  from space 512K, 100% used [0x00000000eaf00000,0x00000000eaf80000,0x00000000eaf80000)
  to   space 1024K, 0% used [0x00000000eb000000,0x00000000eb000000,0x00000000eb100000)
 ParOldGen       total 534528K, used 534045K [0x00000000c0000000, 0x00000000e0a00000, 0x00000000eab00000)
  object space 534528K, 99% used [0x00000000c0000000,0x00000000e0987718,0x00000000e0a00000)
 Metaspace       used 58380K, committed 59776K, reserved 1114112K
  class space    used 6020K, committed 6720K, reserved 1048576K
}

Dll operation events (10 events):
Event: 0.639 Loaded shared library c:\Users\Emilly\.vscode\extensions\redhat.java-1.42.0-win32-x64\jre\21.0.7-win32-x86_64\bin\java.dll
Event: 0.779 Loaded shared library c:\Users\Emilly\.vscode\extensions\redhat.java-1.42.0-win32-x64\jre\21.0.7-win32-x86_64\bin\zip.dll
Event: 0.811 Loaded shared library C:\Users\Emilly\.vscode\extensions\redhat.java-1.42.0-win32-x64\jre\21.0.7-win32-x86_64\bin\instrument.dll
Event: 0.817 Loaded shared library C:\Users\Emilly\.vscode\extensions\redhat.java-1.42.0-win32-x64\jre\21.0.7-win32-x86_64\bin\net.dll
Event: 0.819 Loaded shared library C:\Users\Emilly\.vscode\extensions\redhat.java-1.42.0-win32-x64\jre\21.0.7-win32-x86_64\bin\nio.dll
Event: 0.822 Loaded shared library C:\Users\Emilly\.vscode\extensions\redhat.java-1.42.0-win32-x64\jre\21.0.7-win32-x86_64\bin\zip.dll
Event: 0.843 Loaded shared library C:\Users\Emilly\.vscode\extensions\redhat.java-1.42.0-win32-x64\jre\21.0.7-win32-x86_64\bin\jimage.dll
Event: 0.950 Loaded shared library c:\Users\Emilly\.vscode\extensions\redhat.java-1.42.0-win32-x64\jre\21.0.7-win32-x86_64\bin\verify.dll
Event: 4.678 Loaded shared library C:\Users\Emilly\AppData\Roaming\Code\User\globalStorage\redhat.java\1.42.0\config_win\org.eclipse.equinox.launcher\org.eclipse.equinox.launcher.win32.win32.x86_64_1.2.1300.v20250331-1702\eclipse_11911.dll
Event: 13.896 Loaded shared library C:\Users\Emilly\AppData\Local\Temp\jna-2079310520\jna13147520290318155317.dll

Deoptimization events (20 events):
Event: 36.989 Thread 0x000001ac4712a5c0 DEOPT PACKING pc=0x000001ac7742a0c8 sp=0x000000196acfd850
Event: 36.989 Thread 0x000001ac4712a5c0 DEOPT UNPACKING pc=0x000001ac76823aa2 sp=0x000000196acfd798 mode 2
Event: 36.989 Thread 0x000001ac4712a5c0 Uncommon trap: trap_request=0xffffffde fr.pc=0x000001ac7742a0c8 relative=0x0000000000000888
Event: 36.989 Thread 0x000001ac4712a5c0 Uncommon trap: reason=class_check action=maybe_recompile pc=0x000001ac7742a0c8 method=java.util.WeakHashMap.matchesKey(Ljava/util/WeakHashMap$Entry;Ljava/lang/Object;)Z @ 21 c2
Event: 36.989 Thread 0x000001ac4712a5c0 DEOPT PACKING pc=0x000001ac7742a0c8 sp=0x000000196acfd860
Event: 36.989 Thread 0x000001ac4712a5c0 DEOPT UNPACKING pc=0x000001ac76823aa2 sp=0x000000196acfd7a8 mode 2
Event: 37.008 Thread 0x000001ac4813f730 DEOPT PACKING pc=0x000001ac707e86cd sp=0x000000196d0fe690
Event: 37.008 Thread 0x000001ac4813f730 DEOPT UNPACKING pc=0x000001ac76824242 sp=0x000000196d0fdbc8 mode 0
Event: 37.019 Thread 0x000001ac4813c940 Uncommon trap: trap_request=0xffffff45 fr.pc=0x000001ac774f7290 relative=0x0000000000000070
Event: 37.019 Thread 0x000001ac4813c940 Uncommon trap: reason=unstable_if action=reinterpret pc=0x000001ac774f7290 method=org.codehaus.plexus.util.xml.pull.MXParser.isValidCodePoint(I)Z @ 15 c2
Event: 37.019 Thread 0x000001ac4813c940 DEOPT PACKING pc=0x000001ac774f7290 sp=0x000000196cffde30
Event: 37.019 Thread 0x000001ac4813c940 DEOPT UNPACKING pc=0x000001ac76823aa2 sp=0x000000196cffddc0 mode 2
Event: 37.026 Thread 0x000001ac4813f730 DEOPT PACKING pc=0x000001ac707e86cd sp=0x000000196d0fe3d0
Event: 37.026 Thread 0x000001ac4813f730 DEOPT UNPACKING pc=0x000001ac76824242 sp=0x000000196d0fd908 mode 0
Event: 37.040 Thread 0x000001ac4813c940 DEOPT PACKING pc=0x000001ac707e86cd sp=0x000000196cffdff0
Event: 37.040 Thread 0x000001ac4813c940 DEOPT UNPACKING pc=0x000001ac76824242 sp=0x000000196cffd530 mode 0
Event: 37.070 Thread 0x000001ac48140ae0 DEOPT PACKING pc=0x000001ac707e86cd sp=0x000000196d2fe4f0
Event: 37.070 Thread 0x000001ac48140ae0 DEOPT UNPACKING pc=0x000001ac76824242 sp=0x000000196d2fda28 mode 0
Event: 37.090 Thread 0x000001ac48140ae0 DEOPT PACKING pc=0x000001ac707e86cd sp=0x000000196d2fe180
Event: 37.090 Thread 0x000001ac48140ae0 DEOPT UNPACKING pc=0x000001ac76824242 sp=0x000000196d2fd6b8 mode 0

Classes loaded (20 events):
Event: 33.548 Loading class java/nio/file/Files$2
Event: 33.548 Loading class java/nio/file/Files$2 done
Event: 33.781 Loading class java/util/concurrent/ArrayBlockingQueue
Event: 33.782 Loading class java/util/concurrent/ArrayBlockingQueue done
Event: 33.923 Loading class java/util/Hashtable$ValueCollection
Event: 33.923 Loading class java/util/Hashtable$ValueCollection done
Event: 33.929 Loading class java/util/concurrent/ConcurrentHashMap$KeySpliterator
Event: 33.930 Loading class java/util/concurrent/ConcurrentHashMap$KeySpliterator done
Event: 33.948 Loading class sun/nio/ch/ChannelOutputStream
Event: 33.948 Loading class sun/nio/ch/ChannelOutputStream done
Event: 34.410 Loading class java/util/stream/ReferencePipeline$4
Event: 34.411 Loading class java/util/stream/ReferencePipeline$4 done
Event: 34.411 Loading class java/util/stream/Nodes$IntFixedNodeBuilder
Event: 34.412 Loading class java/util/stream/Node$Builder$OfInt
Event: 34.412 Loading class java/util/stream/Node$Builder$OfInt done
Event: 34.412 Loading class java/util/stream/Nodes$IntArrayNode
Event: 34.412 Loading class java/util/stream/Nodes$IntArrayNode done
Event: 34.412 Loading class java/util/stream/Nodes$IntFixedNodeBuilder done
Event: 34.412 Loading class java/util/stream/ReferencePipeline$4$1
Event: 34.413 Loading class java/util/stream/ReferencePipeline$4$1 done

Classes unloaded (7 events):
Event: 14.768 Thread 0x000001ac7e442500 Unloading class 0x000001ac031a5400 'java/lang/invoke/LambdaForm$MH+0x000001ac031a5400'
Event: 14.768 Thread 0x000001ac7e442500 Unloading class 0x000001ac031a5000 'java/lang/invoke/LambdaForm$MH+0x000001ac031a5000'
Event: 14.768 Thread 0x000001ac7e442500 Unloading class 0x000001ac031a4c00 'java/lang/invoke/LambdaForm$MH+0x000001ac031a4c00'
Event: 14.768 Thread 0x000001ac7e442500 Unloading class 0x000001ac031a4800 'java/lang/invoke/LambdaForm$MH+0x000001ac031a4800'
Event: 14.768 Thread 0x000001ac7e442500 Unloading class 0x000001ac031a4400 'java/lang/invoke/LambdaForm$BMH+0x000001ac031a4400'
Event: 14.768 Thread 0x000001ac7e442500 Unloading class 0x000001ac031a4000 'java/lang/invoke/LambdaForm$DMH+0x000001ac031a4000'
Event: 14.768 Thread 0x000001ac7e442500 Unloading class 0x000001ac031a2c00 'java/lang/invoke/LambdaForm$DMH+0x000001ac031a2c00'

Classes redefined (0 events):
No events

Internal exceptions (20 events):
Event: 33.947 Thread 0x000001ac47127e60 Exception <a 'sun/nio/fs/WindowsException'{0x00000000eac3cbf0}> (0x00000000eac3cbf0) 
thrown [s\src\hotspot\share\prims\jni.cpp, line 520]
Event: 34.071 Thread 0x000001ac47127e60 Exception <a 'sun/nio/fs/WindowsException'{0x00000000eac71288}> (0x00000000eac71288) 
thrown [s\src\hotspot\share\prims\jni.cpp, line 520]
Event: 34.111 Thread 0x000001ac47127e60 Exception <a 'sun/nio/fs/WindowsException'{0x00000000eac7e720}> (0x00000000eac7e720) 
thrown [s\src\hotspot\share\prims\jni.cpp, line 520]
Event: 34.668 Thread 0x000001ac4712a5c0 Exception <a 'sun/nio/fs/WindowsException'{0x00000000eaebdf48}> (0x00000000eaebdf48) 
thrown [s\src\hotspot\share\prims\jni.cpp, line 520]
Event: 34.669 Thread 0x000001ac49fc6bb0 Exception <a 'sun/nio/fs/WindowsException'{0x00000000eaeec138}> (0x00000000eaeec138) 
thrown [s\src\hotspot\share\prims\jni.cpp, line 520]
Event: 34.670 Thread 0x000001ac49fc1cf0 Exception <a 'sun/nio/fs/WindowsException'{0x00000000eaf04668}> (0x00000000eaf04668) 
thrown [s\src\hotspot\share\prims\jni.cpp, line 520]
Event: 34.829 Thread 0x000001ac4712a5c0 Exception <a 'sun/nio/fs/WindowsException'{0x00000000ead21ed0}> (0x00000000ead21ed0) 
thrown [s\src\hotspot\share\prims\jni.cpp, line 520]
Event: 34.829 Thread 0x000001ac4712a5c0 Exception <a 'sun/nio/fs/WindowsException'{0x00000000ead22500}> (0x00000000ead22500) 
thrown [s\src\hotspot\share\prims\jni.cpp, line 520]
Event: 35.417 Thread 0x000001ac4712a5c0 Exception <a 'java/lang/NoSuchMethodError'{0x00000000eabd6a18}: 'void java.lang.invoke.DirectMethodHandle$Holder.invokeStatic(java.lang.Object, java.lang.Object, java.lang.Object, int)'> (0x00000000eabd6a18) 
thrown [s\src\hotspot\share\interpreter\linkResolver.cpp, line 773]
Event: 35.432 Thread 0x000001ac4712a5c0 Exception <a 'java/lang/NoSuchMethodError'{0x00000000eacf6ad8}: 'void java.lang.invoke.DirectMethodHandle$Holder.invokeVirtual(java.lang.Object, java.lang.Object, int)'> (0x00000000eacf6ad8) 
thrown [s\src\hotspot\share\interpreter\linkResolver.cpp, line 773]
Event: 35.606 Thread 0x000001ac47127e60 Exception <a 'sun/nio/fs/WindowsException'{0x00000000eab718a0}> (0x00000000eab718a0) 
thrown [s\src\hotspot\share\prims\jni.cpp, line 520]
Event: 35.841 Thread 0x000001ac47127e60 Exception <a 'sun/nio/fs/WindowsException'{0x00000000eacecbb8}> (0x00000000eacecbb8) 
thrown [s\src\hotspot\share\prims\jni.cpp, line 520]
Event: 35.905 Thread 0x000001ac47127e60 Exception <a 'sun/nio/fs/WindowsException'{0x00000000eacbfd80}> (0x00000000eacbfd80) 
thrown [s\src\hotspot\share\prims\jni.cpp, line 520]
Event: 35.926 Thread 0x000001ac47127e60 Exception <a 'sun/nio/fs/WindowsException'{0x00000000eae07c78}> (0x00000000eae07c78) 
thrown [s\src\hotspot\share\prims\jni.cpp, line 520]
Event: 35.966 Thread 0x000001ac47127e60 Exception <a 'sun/nio/fs/WindowsException'{0x00000000eadeede0}> (0x00000000eadeede0) 
thrown [s\src\hotspot\share\prims\jni.cpp, line 520]
Event: 35.990 Thread 0x000001ac47127e60 Exception <a 'sun/nio/fs/WindowsException'{0x00000000eac619c8}> (0x00000000eac619c8) 
thrown [s\src\hotspot\share\prims\jni.cpp, line 520]
Event: 36.004 Thread 0x000001ac47127e60 Exception <a 'sun/nio/fs/WindowsException'{0x00000000eade8b10}> (0x00000000eade8b10) 
thrown [s\src\hotspot\share\prims\jni.cpp, line 520]
Event: 36.173 Thread 0x000001ac47127e60 Exception <a 'sun/nio/fs/WindowsException'{0x00000000ead309e0}> (0x00000000ead309e0) 
thrown [s\src\hotspot\share\prims\jni.cpp, line 520]
Event: 36.796 Thread 0x000001ac4712a5c0 Exception <a 'java/lang/NoSuchMethodError'{0x00000000eac57338}: 'void java.lang.invoke.DirectMethodHandle$Holder.invokeInterface(java.lang.Object, java.lang.Object)'> (0x00000000eac57338) 
thrown [s\src\hotspot\share\interpreter\linkResolver.cpp, line 773]
Event: 36.884 Thread 0x000001ac48140ae0 Implicit null exception at 0x000001ac774cdacf to 0x000001ac774cdec4

ZGC Phase Switch (0 events):
No events

VM Operations (20 events):
Event: 36.825 Executing VM operation: ParallelGCFailedAllocation (Allocation Failure) done
Event: 36.826 Executing VM operation: ParallelGCSystemGC (GCLocker Initiated GC)
Event: 36.833 Executing VM operation: ParallelGCSystemGC (GCLocker Initiated GC) done
Event: 36.860 Executing VM operation: ParallelGCFailedAllocation (Allocation Failure)
Event: 36.864 Executing VM operation: ParallelGCFailedAllocation (Allocation Failure) done
Event: 36.887 Executing VM operation: ParallelGCFailedAllocation (Allocation Failure)
Event: 36.891 Executing VM operation: ParallelGCFailedAllocation (Allocation Failure) done
Event: 36.918 Executing VM operation: ParallelGCFailedAllocation (Allocation Failure)
Event: 36.922 Executing VM operation: ParallelGCFailedAllocation (Allocation Failure) done
Event: 36.946 Executing VM operation: ParallelGCFailedAllocation (Allocation Failure)
Event: 36.950 Executing VM operation: ParallelGCFailedAllocation (Allocation Failure) done
Event: 36.974 Executing VM operation: ParallelGCFailedAllocation (Allocation Failure)
Event: 36.979 Executing VM operation: ParallelGCFailedAllocation (Allocation Failure) done
Event: 37.010 Executing VM operation: ParallelGCFailedAllocation (Allocation Failure)
Event: 37.016 Executing VM operation: ParallelGCFailedAllocation (Allocation Failure) done
Event: 37.043 Executing VM operation: ParallelGCFailedAllocation (Allocation Failure)
Event: 37.048 Executing VM operation: ParallelGCFailedAllocation (Allocation Failure) done
Event: 37.073 Executing VM operation: ParallelGCFailedAllocation (Allocation Failure)
Event: 37.076 Executing VM operation: ParallelGCFailedAllocation (Allocation Failure) done
Event: 37.099 Executing VM operation: ParallelGCFailedAllocation (Allocation Failure)

Memory protections (0 events):
No events

Nmethod flushes (20 events):
Event: 16.553 Thread 0x000001ac7e442500 flushing  nmethod 0x000001ac6f918c10
Event: 16.553 Thread 0x000001ac7e442500 flushing  nmethod 0x000001ac6f919410
Event: 16.553 Thread 0x000001ac7e442500 flushing  nmethod 0x000001ac6f919b90
Event: 16.553 Thread 0x000001ac7e442500 flushing  nmethod 0x000001ac6f91b110
Event: 16.553 Thread 0x000001ac7e442500 flushing  nmethod 0x000001ac6f91be10
Event: 16.553 Thread 0x000001ac7e442500 flushing  nmethod 0x000001ac6f91d310
Event: 16.553 Thread 0x000001ac7e442500 flushing  nmethod 0x000001ac6f91d790
Event: 16.553 Thread 0x000001ac7e442500 flushing  nmethod 0x000001ac6f91f310
Event: 16.553 Thread 0x000001ac7e442500 flushing  nmethod 0x000001ac6f921210
Event: 16.553 Thread 0x000001ac7e442500 flushing  nmethod 0x000001ac6f93cc10
Event: 16.553 Thread 0x000001ac7e442500 flushing  nmethod 0x000001ac6f950f10
Event: 16.553 Thread 0x000001ac7e442500 flushing  nmethod 0x000001ac6f954f10
Event: 16.553 Thread 0x000001ac7e442500 flushing  nmethod 0x000001ac6f967390
Event: 16.553 Thread 0x000001ac7e442500 flushing  nmethod 0x000001ac6f99e590
Event: 16.553 Thread 0x000001ac7e442500 flushing  nmethod 0x000001ac6f9a0390
Event: 16.553 Thread 0x000001ac7e442500 flushing  nmethod 0x000001ac6f9da590
Event: 16.553 Thread 0x000001ac7e442500 flushing  nmethod 0x000001ac6fa13990
Event: 16.553 Thread 0x000001ac7e442500 flushing  nmethod 0x000001ac6fa2ab90
Event: 16.553 Thread 0x000001ac7e442500 flushing  nmethod 0x000001ac6fa2b010
Event: 16.553 Thread 0x000001ac7e442500 flushing  nmethod 0x000001ac6fa2f290

Events (20 events):
Event: 32.117 Thread 0x000001ac4712a5c0 Thread added: 0x000001ac49fc30a0
Event: 32.121 Thread 0x000001ac4712a5c0 Thread added: 0x000001ac4712e760
Event: 32.124 Thread 0x000001ac4712a5c0 Thread added: 0x000001ac4813d660
Event: 32.128 Thread 0x000001ac4712a5c0 Thread added: 0x000001ac4813bc20
Event: 32.951 Thread 0x000001ac4b5b6140 Thread exited: 0x000001ac4b5b6140
Event: 33.170 Thread 0x000001ac4b5ba560 Thread exited: 0x000001ac4b5ba560
Event: 33.370 Thread 0x000001ac7e470970 Thread added: 0x000001ac4b5b97c0
Event: 33.438 Thread 0x000001ac7e470970 Thread added: 0x000001ac4b5b9e90
Event: 33.785 Thread 0x000001ac4712a5c0 Thread added: 0x000001ac4813b590
Event: 33.944 Thread 0x000001ac4712a5c0 Thread added: 0x000001ac48139b50
Event: 33.961 Thread 0x000001ac4712a5c0 Thread added: 0x000001ac4813c2b0
Event: 33.971 Thread 0x000001ac4712a5c0 Thread added: 0x000001ac4813dcf0
Event: 33.982 Thread 0x000001ac4712a5c0 Thread added: 0x000001ac4813e380
Event: 33.993 Thread 0x000001ac4712a5c0 Thread added: 0x000001ac48140450
Event: 34.502 Thread 0x000001ac4712a5c0 Thread added: 0x000001ac4813a870
Event: 36.813 Thread 0x000001ac4712a5c0 Thread added: 0x000001ac4813f0a0
Event: 36.816 Thread 0x000001ac4712a5c0 Thread added: 0x000001ac4813c940
Event: 36.820 Thread 0x000001ac4712a5c0 Thread added: 0x000001ac4813f730
Event: 36.824 Thread 0x000001ac4712a5c0 Thread added: 0x000001ac4813cfd0
Event: 36.837 Thread 0x000001ac4712a5c0 Thread added: 0x000001ac48140ae0


Dynamic libraries:
0x00007ff62ef90000 - 0x00007ff62ef9e000 	c:\Users\Emilly\.vscode\extensions\redhat.java-1.42.0-win32-x64\jre\21.0.7-win32-x86_64\bin\java.exe
0x00007ff952a50000 - 0x00007ff952c48000 	C:\WINDOWS\SYSTEM32\ntdll.dll
0x00007ff949b10000 - 0x00007ff949b2b000 	C:\Program Files\Avast Software\Avast\aswhook.dll
0x00007ff950b30000 - 0x00007ff950bf2000 	C:\WINDOWS\System32\KERNEL32.DLL
0x00007ff9503d0000 - 0x00007ff9506c6000 	C:\WINDOWS\System32\KERNELBASE.dll
0x00007ff950780000 - 0x00007ff950880000 	C:\WINDOWS\System32\ucrtbase.dll
0x00007ff924960000 - 0x00007ff924978000 	c:\Users\Emilly\.vscode\extensions\redhat.java-1.42.0-win32-x64\jre\21.0.7-win32-x86_64\bin\jli.dll
0x00007ff90de10000 - 0x00007ff90de2e000 	c:\Users\Emilly\.vscode\extensions\redhat.java-1.42.0-win32-x64\jre\21.0.7-win32-x86_64\bin\VCRUNTIME140.dll
0x00007ff9519c0000 - 0x00007ff951b5d000 	C:\WINDOWS\System32\USER32.dll
0x00007ff950290000 - 0x00007ff9502b2000 	C:\WINDOWS\System32\win32u.dll
0x00007ff93c8f0000 - 0x00007ff93cb8a000 	C:\WINDOWS\WinSxS\amd64_microsoft.windows.common-controls_6595b64144ccf1df_6.0.19041.5794_none_60bcd33171f2783c\COMCTL32.dll
0x00007ff951d20000 - 0x00007ff951d4b000 	C:\WINDOWS\System32\GDI32.dll
0x00007ff951e20000 - 0x00007ff951ebe000 	C:\WINDOWS\System32\msvcrt.dll
0x00007ff9500f0000 - 0x00007ff95020a000 	C:\WINDOWS\System32\gdi32full.dll
0x00007ff950880000 - 0x00007ff95091d000 	C:\WINDOWS\System32\msvcp_win.dll
0x00007ff951c80000 - 0x00007ff951caf000 	C:\WINDOWS\System32\IMM32.DLL
0x00007ff93be70000 - 0x00007ff93be7c000 	c:\Users\Emilly\.vscode\extensions\redhat.java-1.42.0-win32-x64\jre\21.0.7-win32-x86_64\bin\vcruntime140_1.dll
0x00007ff8d51a0000 - 0x00007ff8d522d000 	c:\Users\Emilly\.vscode\extensions\redhat.java-1.42.0-win32-x64\jre\21.0.7-win32-x86_64\bin\msvcp140.dll
0x00007ff8ada30000 - 0x00007ff8ae7c0000 	c:\Users\Emilly\.vscode\extensions\redhat.java-1.42.0-win32-x64\jre\21.0.7-win32-x86_64\bin\server\jvm.dll
0x00007ff950a80000 - 0x00007ff950b2f000 	C:\WINDOWS\System32\ADVAPI32.dll
0x00007ff951be0000 - 0x00007ff951c7f000 	C:\WINDOWS\System32\sechost.dll
0x00007ff950f30000 - 0x00007ff951053000 	C:\WINDOWS\System32\RPCRT4.dll
0x00007ff950310000 - 0x00007ff950337000 	C:\WINDOWS\System32\bcrypt.dll
0x00007ff951cb0000 - 0x00007ff951d1b000 	C:\WINDOWS\System32\WS2_32.dll
0x00007ff94f630000 - 0x00007ff94f67b000 	C:\WINDOWS\SYSTEM32\POWRPROF.dll
0x00007ff949d00000 - 0x00007ff949d27000 	C:\WINDOWS\SYSTEM32\WINMM.dll
0x00007ff9435c0000 - 0x00007ff9435ca000 	C:\WINDOWS\SYSTEM32\VERSION.dll
0x00007ff94f4f0000 - 0x00007ff94f502000 	C:\WINDOWS\SYSTEM32\UMPDC.dll
0x00007ff94e900000 - 0x00007ff94e912000 	C:\WINDOWS\SYSTEM32\kernel.appcore.dll
0x00007ff93af80000 - 0x00007ff93af8a000 	c:\Users\Emilly\.vscode\extensions\redhat.java-1.42.0-win32-x64\jre\21.0.7-win32-x86_64\bin\jimage.dll
0x00007ff94de50000 - 0x00007ff94e051000 	C:\WINDOWS\SYSTEM32\DBGHELP.DLL
0x00007ff93d2f0000 - 0x00007ff93d324000 	C:\WINDOWS\SYSTEM32\dbgcore.DLL
0x00007ff950340000 - 0x00007ff9503c2000 	C:\WINDOWS\System32\bcryptPrimitives.dll
0x00007ff938170000 - 0x00007ff93817f000 	c:\Users\Emilly\.vscode\extensions\redhat.java-1.42.0-win32-x64\jre\21.0.7-win32-x86_64\bin\instrument.dll
0x00007ff90ddf0000 - 0x00007ff90de0f000 	c:\Users\Emilly\.vscode\extensions\redhat.java-1.42.0-win32-x64\jre\21.0.7-win32-x86_64\bin\java.dll
0x00007ff9520e0000 - 0x00007ff95284e000 	C:\WINDOWS\System32\SHELL32.dll
0x00007ff94e150000 - 0x00007ff94e8f3000 	C:\WINDOWS\SYSTEM32\windows.storage.dll
0x00007ff951110000 - 0x00007ff951463000 	C:\WINDOWS\System32\combase.dll
0x00007ff94fb20000 - 0x00007ff94fb4b000 	C:\WINDOWS\SYSTEM32\Wldp.dll
0x00007ff950cc0000 - 0x00007ff950d8d000 	C:\WINDOWS\System32\OLEAUT32.dll
0x00007ff951d50000 - 0x00007ff951dfd000 	C:\WINDOWS\System32\SHCORE.dll
0x00007ff950c00000 - 0x00007ff950c55000 	C:\WINDOWS\System32\shlwapi.dll
0x00007ff950020000 - 0x00007ff950045000 	C:\WINDOWS\SYSTEM32\profapi.dll
0x00007ff8e1ab0000 - 0x00007ff8e1ac8000 	c:\Users\Emilly\.vscode\extensions\redhat.java-1.42.0-win32-x64\jre\21.0.7-win32-x86_64\bin\zip.dll
0x00007ff9364f0000 - 0x00007ff936500000 	C:\Users\Emilly\.vscode\extensions\redhat.java-1.42.0-win32-x64\jre\21.0.7-win32-x86_64\bin\net.dll
0x00007ff943940000 - 0x00007ff943a4a000 	C:\WINDOWS\SYSTEM32\WINHTTP.dll
0x00007ff94f880000 - 0x00007ff94f8ec000 	C:\WINDOWS\system32\mswsock.dll
0x00007ff8e1710000 - 0x00007ff8e1726000 	C:\Users\Emilly\.vscode\extensions\redhat.java-1.42.0-win32-x64\jre\21.0.7-win32-x86_64\bin\nio.dll
0x00007ff9352a0000 - 0x00007ff9352b0000 	c:\Users\Emilly\.vscode\extensions\redhat.java-1.42.0-win32-x64\jre\21.0.7-win32-x86_64\bin\verify.dll
0x00007ff8d6a20000 - 0x00007ff8d6a65000 	C:\Users\Emilly\AppData\Roaming\Code\User\globalStorage\redhat.java\1.42.0\config_win\org.eclipse.equinox.launcher\org.eclipse.equinox.launcher.win32.win32.x86_64_1.2.1300.v20250331-1702\eclipse_11911.dll
0x00007ff950df0000 - 0x00007ff950f1b000 	C:\WINDOWS\System32\ole32.dll
0x00007ff94fa70000 - 0x00007ff94fa88000 	C:\WINDOWS\SYSTEM32\CRYPTSP.dll
0x00007ff94f130000 - 0x00007ff94f168000 	C:\WINDOWS\system32\rsaenh.dll
0x00007ff94ffe0000 - 0x00007ff95000e000 	C:\WINDOWS\SYSTEM32\USERENV.dll
0x00007ff94fa90000 - 0x00007ff94fa9c000 	C:\WINDOWS\SYSTEM32\CRYPTBASE.dll
0x00007ff94f510000 - 0x00007ff94f54b000 	C:\WINDOWS\SYSTEM32\IPHLPAPI.DLL
0x00007ff9520d0000 - 0x00007ff9520d8000 	C:\WINDOWS\System32\NSI.dll
0x00007ff8d4fd0000 - 0x00007ff8d5019000 	C:\Users\Emilly\AppData\Local\Temp\jna-2079310520\jna13147520290318155317.dll
0x00007ff952850000 - 0x00007ff952858000 	C:\WINDOWS\System32\PSAPI.DLL
0x00007ff9466c0000 - 0x00007ff9466d7000 	C:\WINDOWS\SYSTEM32\dhcpcsvc6.DLL
0x00007ff948200000 - 0x00007ff94821d000 	C:\WINDOWS\SYSTEM32\dhcpcsvc.DLL

dbghelp: loaded successfully - version: 4.0.5 - missing functions: none
symbol engine: initialized successfully - sym options: 0x614 - pdb path: .;c:\Users\Emilly\.vscode\extensions\redhat.java-1.42.0-win32-x64\jre\21.0.7-win32-x86_64\bin;C:\WINDOWS\SYSTEM32;C:\Program Files\Avast Software\Avast;C:\WINDOWS\WinSxS\amd64_microsoft.windows.common-controls_6595b64144ccf1df_6.0.19041.5794_none_60bcd33171f2783c;c:\Users\Emilly\.vscode\extensions\redhat.java-1.42.0-win32-x64\jre\21.0.7-win32-x86_64\bin\server;C:\Users\Emilly\AppData\Roaming\Code\User\globalStorage\redhat.java\1.42.0\config_win\org.eclipse.equinox.launcher\org.eclipse.equinox.launcher.win32.win32.x86_64_1.2.1300.v20250331-1702;C:\Users\Emilly\AppData\Local\Temp\jna-2079310520

VM Arguments:
jvm_args: --add-modules=ALL-SYSTEM --add-opens=java.base/java.util=ALL-UNNAMED --add-opens=java.base/java.lang=ALL-UNNAMED --add-opens=java.base/sun.nio.fs=ALL-UNNAMED -Declipse.application=org.eclipse.jdt.ls.core.id1 -Dosgi.bundles.defaultStartLevel=4 -Declipse.product=org.eclipse.jdt.ls.core.product -Djava.import.generatesMetadataFilesAtProjectRoot=false -DDetectVMInstallationsJob.disabled=true -Dfile.encoding=utf8 -XX:+UseParallelGC -XX:GCTimeRatio=4 -XX:AdaptiveSizePolicyWeight=90 -Dsun.zip.disableMemoryMapping=true -Xmx1G -Xms100m -Xlog:disable -javaagent:c:\Users\Emilly\.vscode\extensions\redhat.java-1.42.0-win32-x64\lombok\lombok-1.18.36.jar -XX:+HeapDumpOnOutOfMemoryError -XX:HeapDumpPath=c:\Users\Emilly\AppData\Roaming\Code\User\workspaceStorage\5def9fd07eb400705f5d330cf28d82d7\redhat.java -Daether.dependencyCollector.impl=bf 
java_command: c:\Users\Emilly\.vscode\extensions\redhat.java-1.42.0-win32-x64\server\plugins\org.eclipse.equinox.launcher_1.7.0.v20250424-1814.jar -configuration c:\Users\Emilly\AppData\Roaming\Code\User\globalStorage\redhat.java\1.42.0\config_win -data c:\Users\Emilly\AppData\Roaming\Code\User\workspaceStorage\5def9fd07eb400705f5d330cf28d82d7\redhat.java\jdt_ws --pipe=\\.\pipe\lsp-6d96071f95e126d79425c16a3247510c-sock
java_class_path (initial): c:\Users\Emilly\.vscode\extensions\redhat.java-1.42.0-win32-x64\server\plugins\org.eclipse.equinox.launcher_1.7.0.v20250424-1814.jar
Launcher Type: SUN_STANDARD

[Global flags]
    uintx AdaptiveSizePolicyWeight                 = 90                                        {product} {command line}
     intx CICompilerCount                          = 4                                         {product} {ergonomic}
    uintx GCTimeRatio                              = 4                                         {product} {command line}
     bool HeapDumpOnOutOfMemoryError               = true                                   {manageable} {command line}
    ccstr HeapDumpPath                             = c:\Users\Emilly\AppData\Roaming\Code\User\workspaceStorage\5def9fd07eb400705f5d330cf28d82d7\redhat.java         {manageable} {command line}
   size_t InitialHeapSize                          = 104857600                                 {product} {command line}
   size_t MaxHeapSize                              = 1073741824                                {product} {command line}
   size_t MaxNewSize                               = 357564416                                 {product} {ergonomic}
   size_t MinHeapDeltaBytes                        = 524288                                    {product} {ergonomic}
   size_t MinHeapSize                              = 104857600                                 {product} {command line}
   size_t NewSize                                  = 34603008                                  {product} {ergonomic}
    uintx NonNMethodCodeHeapSize                   = 5839372                                {pd product} {ergonomic}
    uintx NonProfiledCodeHeapSize                  = 122909434                              {pd product} {ergonomic}
   size_t OldSize                                  = 70254592                                  {product} {ergonomic}
    uintx ProfiledCodeHeapSize                     = 122909434                              {pd product} {ergonomic}
    uintx ReservedCodeCacheSize                    = 251658240                              {pd product} {ergonomic}
     bool SegmentedCodeCache                       = true                                      {product} {ergonomic}
   size_t SoftMaxHeapSize                          = 1073741824                             {manageable} {ergonomic}
     bool UseCompressedOops                        = true                           {product lp64_product} {ergonomic}
     bool UseLargePagesIndividualAllocation        = false                                  {pd product} {ergonomic}
     bool UseParallelGC                            = true                                      {product} {command line}

Logging:
Log output configuration:
 #0: stdout all=off uptime,level,tags foldmultilines=false
 #1: stderr all=off uptime,level,tags foldmultilines=false

Environment Variables:
PATH=C:\Program Files\Common Files\Oracle\Java\javapath;C:\Program Files (x86)\Common Files\Oracle\Java\javapath;C:\Windows\system32;C:\Windows;C:\Windows\System32\Wbem;C:\Windows\System32\WindowsPowerShell\v1.0\;C:\Windows\System32\OpenSSH\;C:\Program Files\NVIDIA Corporation\NVIDIA NvDLISR;C:\apache-maven-3.9.6\bin;C:\Program Files\nodejs\;C:\Program Files\Git\cmd;C:\WINDOWS\system32;C:\WINDOWS;C:\WINDOWS\System32\Wbem;C:\WINDOWS\System32\WindowsPowerShell\v1.0\;C:\WINDOWS\System32\OpenSSH\;C:\Users\Emilly\AppData\Local\Programs\Python\Python312\Scripts\;C:\Users\Emilly\AppData\Local\Programs\Python\Python312\;C:\Users\Emilly\AppData\Local\Microsoft\WindowsApps;;C:\Users\Emilly\AppData\Local\Programs\Microsoft VS Code\bin;C:\Users\Emilly\AppData\Roaming\npm
USERNAME=Emilly
OS=Windows_NT
PROCESSOR_IDENTIFIER=Intel64 Family 6 Model 142 Stepping 12, GenuineIntel
TMP=C:\Users\Emilly\AppData\Local\Temp
TEMP=C:\Users\Emilly\AppData\Local\Temp




Periodic native trim disabled

---------------  S Y S T E M  ---------------

OS:
 Windows 10 , 64 bit Build 19041 (10.0.19041.5794)
OS uptime: 4 days 23:46 hours

CPU: total 8 (initial active 8) (4 cores per cpu, 2 threads per core) family 6 model 142 stepping 12 microcode 0xd6, cx8, cmov, fxsr, ht, mmx, 3dnowpref, sse, sse2, sse3, ssse3, sse4.1, sse4.2, popcnt, lzcnt, tsc, tscinvbit, avx, avx2, aes, erms, clmul, bmi1, bmi2, adx, fma, vzeroupper, clflush, clflushopt, rdtscp, f16c
Processor Information for the first 8 processors :
  Max Mhz: 1992, Current Mhz: 1494, Mhz Limit: 1792

Memory: 4k page, system-wide physical 8072M (1087M free)
TotalPageFile size 11912M (AvailPageFile size 4568M)
current process WorkingSet (physical memory assigned to process): 873M, peak: 873M
current process commit charge ("private bytes"): 783M, peak: 787M

vm_info: OpenJDK 64-Bit Server VM (21.0.7+6-LTS) for windows-amd64 JRE (21.0.7+6-LTS), built on 2025-04-15T00:00:00Z by "admin" with MS VC++ 17.7 (VS2022)

END.
